[debug] [2023-06-02T08:41:30.984Z] ----------------------------------------------------------------------
[debug] [2023-06-02T08:41:30.985Z] Command:       /Users/hmc2940467/.nvm/versions/node/v16.18.0/bin/node /Users/hmc2940467/.nvm/versions/node/v16.18.0/bin/firebase init
[debug] [2023-06-02T08:41:30.986Z] CLI Version:   12.3.0
[debug] [2023-06-02T08:41:30.986Z] Platform:      darwin
[debug] [2023-06-02T08:41:30.986Z] Node Version:  v16.18.0
[debug] [2023-06-02T08:41:30.987Z] Time:          Fri Jun 02 2023 17:41:30 GMT+0900 (Korean Standard Time)
[debug] [2023-06-02T08:41:30.987Z] ----------------------------------------------------------------------
[debug] 
[debug] [2023-06-02T08:41:30.988Z] >>> [apiv2][query] GET https://firebase-public.firebaseio.com/cli.json [none]
[debug] [2023-06-02T08:41:31.000Z] > command requires scopes: ["email","openid","https://www.googleapis.com/auth/cloudplatformprojects.readonly","https://www.googleapis.com/auth/firebase","https://www.googleapis.com/auth/cloud-platform"]
[debug] [2023-06-02T08:41:31.000Z] > authorizing via signed-in user (joannashin3@gmail.com)
[info] 
     ######## #### ########  ######## ########     ###     ######  ########
     ##        ##  ##     ## ##       ##     ##  ##   ##  ##       ##
     ######    ##  ########  ######   ########  #########  ######  ######
     ##        ##  ##    ##  ##       ##     ## ##     ##       ## ##
     ##       #### ##     ## ######## ########  ##     ##  ######  ########

You're about to initialize a Firebase project in this directory:

  /Users/hmc2940467/jieunshin/code/react-netflix-clone

[warn] ⚠  Unable to fetch the CLI MOTD and remote config. 
[debug] [2023-06-02T08:41:31.295Z] Failed to fetch MOTD FirebaseError: Failed to make request to https://firebase-public.firebaseio.com/cli.json
[info] 
=== Project Setup
[info] 
[info] First, let's associate this project directory with a Firebase project.
[info] You can create multiple project aliases by running firebase use --add, 
[info] but for now we'll just set up a default project.
[info] 
[debug] [2023-06-02T08:41:35.371Z] >>> [apiv2][query] GET https://firebase.googleapis.com/v1beta1/projects pageSize=100
[debug] [2023-06-02T08:41:35.640Z] Failed to make request to https://firebase.googleapis.com/v1beta1/projects?pageSize=100
[debug] [2023-06-02T08:41:35.881Z] FirebaseError: Failed to make request to https://firebase.googleapis.com/v1beta1/projects?pageSize=100
    at RetryOperation._fn (/Users/hmc2940467/.nvm/versions/node/v16.18.0/lib/node_modules/firebase-tools/lib/apiv2.js:242:31)
    at processTicksAndRejections (node:internal/process/task_queues:96:5)
[error] 
[error] Error: Failed to list Firebase projects. See firebase-debug.log for more info.
